Namespace(withAug=True, AugDirect=20, method_name='GIN', GPUdevice=0, IsDirectedData=False, dataset='cora_ml/', undirect_dataset='Cora', MakeImbalance=True, CustomizeMask=False, seed=100, K=2, heads=8, log_root='../logs/', log_path='test', data_path='../dataset/data/tmp/', epochs=1500, num_filter=2, p_q=0.95, p_inter=0.1, dropout=0.0, debug=False, new_setting=False, layer=2, lr=0.005, l2=0.0005, to_undirected=False, alpha=0.1, randomseed=-1, imb_ratio=100, n_layer=2, feat_dim=64, warmup=5, epoch=900, tau=2, max=False, no_mask=False, gdc='ppr')
CUDA Device Index: 0
01-04-09:16:14
excel_file_path is  TrueAug_GIN_Cora01-04-09:16:14_undir.xlsx
Dataset is  Cora() 
Chosen from DirectedData:  False
Num of bidrected edges: 5278, total num of edges: 10556
This is directed graph:  False
data_x torch.Size([2708, 1433])
GIN_ModelBen(
  (line1): Linear(in_features=1433, out_features=2, bias=True)
  (line2): Linear(in_features=2, out_features=2, bias=True)
  (conv1): GINConv(nn=Linear(in_features=1433, out_features=2, bias=True))
  (conv2): GINConv(nn=Linear(in_features=2, out_features=2, bias=True))
  (Conv): Conv1d(2, 7, kernel_size=(1,), stride=(1,))
)
Beginning for split:  0 04-09:16:40
Early stop at epoch:  527
split:   0, val_loss:   2.15, test_Acc:  41.70, test_bacc:  24.23, test_f1:  18.27
Total time(all splits):  19129.268582582474
