Namespace(withAug=False, AugDirect=20, method_name='Cheb', GPUdevice=0, IsDirectedData=True, dataset='WebKB/Cornell', undirect_dataset='Amazon-Photo', MakeImbalance=True, CustomizeMask=False, seed=100, K=2, heads=8, log_root='../logs/', log_path='test', data_path='../dataset/data/tmp/', epochs=1500, num_filter=2, p_q=0.95, p_inter=0.1, dropout=0.0, debug=False, new_setting=False, layer=2, lr=0.005, l2=0.0005, to_undirected=False, alpha=0.1, randomseed=-1, imb_ratio=100, n_layer=2, feat_dim=64, warmup=5, epoch=900, tau=2, max=False, no_mask=False, gdc='ppr')
CUDA Device Index: 0
01-04-09:37:07
excel_file_path is  FalseAug_01-04-09:37:07_Cheb_WebKBCornell_dir.xlsx
dataset is  WebKB Cornell
Dataset is  cornell() 
Chosen from DirectedData:  True
Num of bidrected edges: 18, total num of edges: 298
This is directed graph:  True
data_x torch.Size([183, 1703])
splits 10
ChebModelBen(
  (conv1): ChebConv(1703, 2, K=2, normalization=sym)
  (conv2): ChebConv(2, 2, K=2, normalization=sym)
  (Conv): Conv1d(2, 5, kernel_size=(1,), stride=(1,))
)
Beginning for split:  0 04-09:37:18
Early stop at epoch:  518
split:   0, val_loss:   2.12, test_Acc:  51.35, test_bacc:  31.33, test_f1:  24.76
Beginning for split:  1 04-09:40:10
Early stop at epoch:  507
split:   1, val_loss:   3.86, test_Acc:  59.46, test_bacc:  45.42, test_f1:  38.33
Beginning for split:  2 04-09:45:44
Early stop at epoch:  504
split:   2, val_loss:  10.09, test_Acc:  67.57, test_bacc:  34.00, test_f1:  28.89
Beginning for split:  3 04-09:52:00
Early stop at epoch:  501
split:   3, val_loss:   3.14, test_Acc:  72.97, test_bacc:  38.57, test_f1:  33.22
Beginning for split:  4 04-10:00:00
Early stop at epoch:  509
split:   4, val_loss:  12.30, test_Acc:  62.16, test_bacc:  41.93, test_f1:  37.66
Beginning for split:  5 04-10:11:46
Early stop at epoch:  507
split:   5, val_loss:   3.38, test_Acc:  48.65, test_bacc:  25.67, test_f1:  24.95
Beginning for split:  6 04-10:26:21
Early stop at epoch:  508
split:   6, val_loss:   8.93, test_Acc:  54.05, test_bacc:  42.92, test_f1:  41.67
Beginning for split:  7 04-10:43:24
Early stop at epoch:  513
split:   7, val_loss:   2.02, test_Acc:  72.97, test_bacc:  48.57, test_f1:  42.86
Beginning for split:  8 04-11:01:44
Early stop at epoch:  509
split:   8, val_loss:   8.06, test_Acc:  64.86, test_bacc:  63.30, test_f1:  54.16
Beginning for split:  9 04-11:22:12
Early stop at epoch:  506
split:   9, val_loss:  10.34, test_Acc:  67.57, test_bacc:  45.50, test_f1:  42.22
Total time(all splits):  7631.674139022827
