Namespace(withAug=True, AugDirect=20, method_name='APPNP', GPUdevice=1, IsDirectedData=False, dataset='cora_ml/', undirect_dataset='CiteSeer', MakeImbalance=True, CustomizeMask=False, seed=100, K=2, heads=8, log_root='../logs/', log_path='test', data_path='../dataset/data/tmp/', epochs=1500, num_filter=2, p_q=0.95, p_inter=0.1, dropout=0.0, debug=False, new_setting=False, layer=2, lr=0.005, l2=0.0005, to_undirected=False, alpha=0.1, randomseed=-1, imb_ratio=100, n_layer=2, feat_dim=64, warmup=5, epoch=900, tau=2, max=False, no_mask=False, gdc='ppr')
CUDA Device Index: 1
01-04-09:23:06
excel_file_path is  TrueAug_APPNP_CiteSeer01-04-09:23:06_undir.xlsx
Dataset is  CiteSeer() 
Chosen from DirectedData:  False
Num of bidrected edges: 4552, total num of edges: 9104
This is directed graph:  False
data_x torch.Size([3327, 3703])
APPNP_ModelBen(
  (line1): Linear(in_features=3703, out_features=2, bias=True)
  (line2): Linear(in_features=2, out_features=2, bias=True)
  (conv1): APPNP(K=10, alpha=0.1)
  (conv2): APPNP(K=10, alpha=0.1)
  (Conv): Conv1d(2, 6, kernel_size=(1,), stride=(1,))
)
Beginning for split:  0 04-09:24:14
Early stop at epoch:  536
split:   0, val_loss:   1.56, test_Acc:  48.50, test_bacc:  41.60, test_f1:  31.08
Total time(all splits):  26619.399543762207
