Downloading https://raw.githubusercontent.com/graphdml-uiuc-jlu/geom-gcn/master/new_data/cornell/out1_node_feature_label.txt
Downloading https://raw.githubusercontent.com/graphdml-uiuc-jlu/geom-gcn/master/new_data/cornell/out1_graph_edges.txt
Downloading https://raw.githubusercontent.com/graphdml-uiuc-jlu/geom-gcn/master/splits/cornell_split_0.6_0.2_0.npz
Downloading https://raw.githubusercontent.com/graphdml-uiuc-jlu/geom-gcn/master/splits/cornell_split_0.6_0.2_1.npz
Downloading https://raw.githubusercontent.com/graphdml-uiuc-jlu/geom-gcn/master/splits/cornell_split_0.6_0.2_2.npz
Downloading https://raw.githubusercontent.com/graphdml-uiuc-jlu/geom-gcn/master/splits/cornell_split_0.6_0.2_3.npz
Downloading https://raw.githubusercontent.com/graphdml-uiuc-jlu/geom-gcn/master/splits/cornell_split_0.6_0.2_4.npz
Downloading https://raw.githubusercontent.com/graphdml-uiuc-jlu/geom-gcn/master/splits/cornell_split_0.6_0.2_5.npz
Downloading https://raw.githubusercontent.com/graphdml-uiuc-jlu/geom-gcn/master/splits/cornell_split_0.6_0.2_6.npz
Downloading https://raw.githubusercontent.com/graphdml-uiuc-jlu/geom-gcn/master/splits/cornell_split_0.6_0.2_7.npz
Downloading https://raw.githubusercontent.com/graphdml-uiuc-jlu/geom-gcn/master/splits/cornell_split_0.6_0.2_8.npz
Downloading https://raw.githubusercontent.com/graphdml-uiuc-jlu/geom-gcn/master/splits/cornell_split_0.6_0.2_9.npz
Processing...
Done!
Namespace(withAug=True, AugDirect=20, method_name='APPNP', GPUdevice=0, IsDirectedData=True, dataset='WebKB/Cornell', undirect_dataset='CiteSeer', MakeImbalance=True, CustomizeMask=False, seed=100, K=2, heads=8, log_root='../logs/', log_path='test', data_path='../dataset/data/tmp/', epochs=1500, num_filter=2, p_q=0.95, p_inter=0.1, dropout=0.0, debug=False, new_setting=False, layer=2, lr=0.005, l2=0.0005, to_undirected=False, alpha=0.1, randomseed=-1, imb_ratio=100, n_layer=2, feat_dim=64, warmup=5, epoch=900, tau=2, max=False, no_mask=False, gdc='ppr')
CUDA Device Index: 0
01-04-09:25:39
excel_file_path is  TrueAug_01-04-09:25:39_APPNP_WebKBCornell_dir.xlsx
dataset is  WebKB Cornell
Dataset is  cornell() 
Chosen from DirectedData:  True
Num of bidrected edges: 18, total num of edges: 298
This is directed graph:  True
data_x torch.Size([183, 1703])
splits 10
APPNP_ModelBen(
  (line1): Linear(in_features=1703, out_features=2, bias=True)
  (line2): Linear(in_features=2, out_features=2, bias=True)
  (conv1): APPNP(K=10, alpha=0.1)
  (conv2): APPNP(K=10, alpha=0.1)
  (Conv): Conv1d(2, 5, kernel_size=(1,), stride=(1,))
)
Beginning for split:  0 04-09:25:50
Early stop at epoch:  511
split:   0, val_loss:   2.71, test_Acc:  37.84, test_bacc:  18.67, test_f1:  11.43
Beginning for split:  1 04-09:29:48
Early stop at epoch:  507
split:   1, val_loss:   4.39, test_Acc:  43.24, test_bacc:  27.50, test_f1:  22.07
Beginning for split:  2 04-09:35:50
Early stop at epoch:  506
split:   2, val_loss:   3.04, test_Acc:  54.05, test_bacc:  25.50, test_f1:  26.65
Beginning for split:  3 04-09:45:19
Early stop at epoch:  506
split:   3, val_loss:   1.88, test_Acc:  45.95, test_bacc:  24.29, test_f1:  20.96
Beginning for split:  4 04-09:55:03
Early stop at epoch:  502
split:   4, val_loss:   3.25, test_Acc:  54.05, test_bacc:  34.54, test_f1:  34.39
Beginning for split:  5 04-10:06:42
Early stop at epoch:  504
split:   5, val_loss:   4.17, test_Acc:  45.95, test_bacc:  20.64, test_f1:  16.67
Beginning for split:  6 04-10:22:37
Early stop at epoch:  502
split:   6, val_loss:   5.04, test_Acc:  43.24, test_bacc:  26.00, test_f1:  21.57
Beginning for split:  7 04-10:40:39
Early stop at epoch:  505
split:   7, val_loss:   3.18, test_Acc:  45.95, test_bacc:  20.00, test_f1:  13.33
Beginning for split:  8 04-11:00:41
Early stop at epoch:  507
split:   8, val_loss:   3.05, test_Acc:  35.14, test_bacc:  21.32, test_f1:  14.24
Beginning for split:  9 04-11:22:33
Early stop at epoch:  507
split:   9, val_loss:   2.51, test_Acc:  51.35, test_bacc:  27.64, test_f1:  25.35
Total time(all splits):  8426.183628082275
