Namespace(withAug=True, AugDirect=20, method_name='SAGE', GPUdevice=0, IsDirectedData=False, dataset='cora_ml/', undirect_dataset='Cora', MakeImbalance=True, CustomizeMask=False, seed=100, K=2, heads=8, log_root='../logs/', log_path='test', data_path='../dataset/data/tmp/', epochs=1500, num_filter=2, p_q=0.95, p_inter=0.1, dropout=0.0, debug=False, new_setting=False, layer=2, lr=0.005, l2=0.0005, to_undirected=False, alpha=0.1, randomseed=-1, imb_ratio=100, n_layer=2, feat_dim=64, warmup=5, epoch=900, tau=2, max=False, no_mask=False, gdc='ppr')
CUDA Device Index: 0
01-04-09:15:15
excel_file_path is  TrueAug_SAGE_Cora01-04-09:15:15_undir.xlsx
Dataset is  Cora() 
Chosen from DirectedData:  False
Num of bidrected edges: 5278, total num of edges: 10556
This is directed graph:  False
data_x torch.Size([2708, 1433])
GraphSAGE2(
  (conv1): SAGEConv(1433, 64)
  (conv2): SAGEConv(64, 7)
)
Beginning for split:  0 04-09:15:41
Traceback (most recent call last):
  File "/home/qj2004/Ben/magnet/src/GNNChangeTrainTest.py", line 649, in <module>
    main(args)
  File "/home/qj2004/Ben/magnet/src/GNNChangeTrainTest.py", line 338, in main
    edge_index1, edge_weights1 = get_appr_directed_adj(args.alpha, new_edge_index.long(),
  File "/home/qj2004/Ben/magnet/src/utils/edge_data.py", line 386, in get_appr_directed_adj
    L = (torch.mm(torch.mm(pi_sqrt, p_ppr), pi_inv_sqrt) + torch.mm(torch.mm(pi_inv_sqrt, p_ppr.t()), pi_sqrt)) / 2.0
RuntimeError: CUDA out of memory. Tried to allocate 36.00 MiB (GPU 0; 23.69 GiB total capacity; 221.56 MiB already allocated; 21.62 MiB free; 294.00 MiB reserved in total by PyTorch) If reserved memory is >> allocated memory try setting max_split_size_mb to avoid fragmentation.  See documentation for Memory Management and PYTORCH_CUDA_ALLOC_CONF
